<?xml version="1.0" encoding="UTF-8"?>
<testng-results ignored="0" total="1" passed="1" failed="0" skipped="0">
  <reporter-output>
  </reporter-output>
  <suite started-at="2025-03-24T14:34:30 IST" name="Suite" finished-at="2025-03-24T14:35:10 IST" duration-ms="39073">
    <groups>
    </groups>
    <test started-at="2025-03-24T14:34:30 IST" name="Test" finished-at="2025-03-24T14:35:10 IST" duration-ms="39073">
      <class name="Test.SearchTest">
        <test-method is-config="true" signature="setup()[pri:0, instance:Test.SearchTest@55b699ef]" started-at="2025-03-24T14:34:30 IST" name="setup" finished-at="2025-03-24T14:34:34 IST" duration-ms="3669" status="PASS">
          <reporter-output>
          </reporter-output>
        </test-method> <!-- setup -->
        <test-method signature="testProductSearchAndCart()[pri:0, instance:Test.SearchTest@55b699ef]" started-at="2025-03-24T14:34:34 IST" name="testProductSearchAndCart" finished-at="2025-03-24T14:35:09 IST" duration-ms="34908" status="PASS">
          <reporter-output>
          </reporter-output>
        </test-method> <!-- testProductSearchAndCart -->
        <test-method is-config="true" signature="tearDown()[pri:0, instance:Test.SearchTest@55b699ef]" started-at="2025-03-24T14:35:09 IST" name="tearDown" finished-at="2025-03-24T14:35:10 IST" duration-ms="462" status="PASS">
          <reporter-output>
          </reporter-output>
        </test-method> <!-- tearDown -->
      </class> <!-- Test.SearchTest -->
    </test> <!-- Test -->
  </suite> <!-- Suite -->
</testng-results>
